{"name": "Проверка полного флоу позитивного сценария заказа самоката с двумя наборами данных по нажатию на Нижнюю кнопку \"Заказать\"", "status": "broken", "statusDetails": {"message": "selenium.common.exceptions.ElementClickInterceptedException: Message: Element <div class=\"Home_FinishButton__1_cWm\"> is not clickable at point (603,30) because another element <div class=\"Header_Header__214zg\"> obscures it\nStacktrace:\nRemoteError@chrome://remote/content/shared/RemoteError.sys.mjs:8:8\nWebDriverError@chrome://remote/content/shared/webdriver/Errors.sys.mjs:189:5\nElementClickInterceptedError@chrome://remote/content/shared/webdriver/Errors.sys.mjs:333:5\nwebdriverClickElement@chrome://remote/content/marionette/interaction.sys.mjs:160:11\ninteraction.clickElement@chrome://remote/content/marionette/interaction.sys.mjs:119:11\nclickElement@chrome://remote/content/marionette/actors/MarionetteCommandsChild.sys.mjs:202:29\nreceiveMessage@chrome://remote/content/marionette/actors/MarionetteCommandsChild.sys.mjs:84:31", "trace": "self = <test_rent_scooter.TestRentScooter object at 0x0000016C42ABBB90>, driver = <selenium.webdriver.firefox.webdriver.WebDriver (session=\"c0b9ab68-296f-4930-93a5-bfad03570f97\")>, name = 'Кузьма', surname = 'Варфаламеев'\naddress = 'площадь Дворцовая,3', metro_station = 'Университет', telephone = '+84261420023', date = '31.12.2023', text = 'Ничего не напишу'\n\n    @pytest.mark.parametrize('name,surname,address,metro_station,telephone,date,text',\n                             [['Павел', 'Кузнецов', 'переулок Независимости,1', 'Белорусская>','+256767492700', '15.08.2024', 'Пустой текст'],\n                               ['Кузьма','Варфаламеев','площадь Дворцовая,3', 'Университет','+84261420023','31.12.2023','Ничего не напишу']\n                             ]\n                             )\n    \n    @allure.title('Проверка полного флоу позитивного сценария заказа самоката с двумя наборами данных по нажатию на Нижнюю кнопку \"Заказать\"')\n    @allure.description('Сравниваем текст кнопки подтверждающего сообщения с \"Посмотреть статус\"')\n    def test_rent_scooter_by_down_button(self, driver, name, surname, address, metro_station, telephone, date, text):\n      order = RentScooter(driver)\n      order.go_on_page_scooter()\n>     order.rent_button_down()\n\ntest_rent_scooter.py:38: \n_ _ _ _ _ _ _ _ _ _ _ _ _ _ _ _ _ _ _ _ _ _ _ _ _ _ _ _ _ _ _ _ _ _ _ _ _ _ _ _ _ _ _ _ _ _ _ _ _ _ _ _ _ _ _ _ _ _ _ _ _ _ _ _ _ _ _ _ _ _ _ _ _ _ _ _ _ _ _ _ _ _ _ _ _ _ _ _ _ _ _ _ _ _ _ _ _ _ _ _ _ _ _ _ _ _ _ _ _ _ _ _ _ _\nrent_scooter.py:23: in rent_button_down\n    self.find_element_rent_click(RentScooterLocators.ORDER_BUTTON_DOWN)\nbase_page.py:26: in find_element_rent_click\n    self.driver.find_element(*locator).click()\n..\\..\\Sprint_6_1\\Lib\\site-packages\\selenium\\webdriver\\remote\\webelement.py:93: in click\n    self._execute(Command.CLICK_ELEMENT)\n..\\..\\Sprint_6_1\\Lib\\site-packages\\selenium\\webdriver\\remote\\webelement.py:394: in _execute\n    return self._parent.execute(command, params)\n..\\..\\Sprint_6_1\\Lib\\site-packages\\selenium\\webdriver\\remote\\webdriver.py:344: in execute\n    self.error_handler.check_response(response)\n_ _ _ _ _ _ _ _ _ _ _ _ _ _ _ _ _ _ _ _ _ _ _ _ _ _ _ _ _ _ _ _ _ _ _ _ _ _ _ _ _ _ _ _ _ _ _ _ _ _ _ _ _ _ _ _ _ _ _ _ _ _ _ _ _ _ _ _ _ _ _ _ _ _ _ _ _ _ _ _ _ _ _ _ _ _ _ _ _ _ _ _ _ _ _ _ _ _ _ _ _ _ _ _ _ _ _ _ _ _ _ _ _ _\n\nself = <selenium.webdriver.remote.errorhandler.ErrorHandler object at 0x0000016C42BA16D0>\nresponse = {'status': 400, 'value': '{\"value\":{\"error\":\"element click intercepted\",\"message\":\"Element <div class=\\\\\"Home_FinishBu...sys.mjs:202:29\\\\nreceiveMessage@chrome://remote/content/marionette/actors/MarionetteCommandsChild.sys.mjs:84:31\\\\n\"}}'}\n\n    def check_response(self, response: Dict[str, Any]) -> None:\n        \"\"\"Checks that a JSON response from the WebDriver does not have an\n        error.\n    \n        :Args:\n         - response - The JSON response from the WebDriver server as a dictionary\n           object.\n    \n        :Raises: If the response contains an error message.\n        \"\"\"\n        status = response.get(\"status\", None)\n        if not status or status == ErrorCode.SUCCESS:\n            return\n        value = None\n        message = response.get(\"message\", \"\")\n        screen: str = response.get(\"screen\", \"\")\n        stacktrace = None\n        if isinstance(status, int):\n            value_json = response.get(\"value\", None)\n            if value_json and isinstance(value_json, str):\n                import json\n    \n                try:\n                    value = json.loads(value_json)\n                    if len(value) == 1:\n                        value = value[\"value\"]\n                    status = value.get(\"error\", None)\n                    if not status:\n                        status = value.get(\"status\", ErrorCode.UNKNOWN_ERROR)\n                        message = value.get(\"value\") or value.get(\"message\")\n                        if not isinstance(message, str):\n                            value = message\n                            message = message.get(\"message\")\n                    else:\n                        message = value.get(\"message\", None)\n                except ValueError:\n                    pass\n    \n        exception_class: Type[WebDriverException]\n        e = ErrorCode()\n        error_codes = [item for item in dir(e) if not item.startswith(\"__\")]\n        for error_code in error_codes:\n            error_info = getattr(ErrorCode, error_code)\n            if isinstance(error_info, list) and status in error_info:\n                exception_class = getattr(ExceptionMapping, error_code, WebDriverException)\n                break\n        else:\n            exception_class = WebDriverException\n    \n        if not value:\n            value = response[\"value\"]\n        if isinstance(value, str):\n            raise exception_class(value)\n        if message == \"\" and \"message\" in value:\n            message = value[\"message\"]\n    \n        screen = None  # type: ignore[assignment]\n        if \"screen\" in value:\n            screen = value[\"screen\"]\n    \n        stacktrace = None\n        st_value = value.get(\"stackTrace\") or value.get(\"stacktrace\")\n        if st_value:\n            if isinstance(st_value, str):\n                stacktrace = st_value.split(\"\\n\")\n            else:\n                stacktrace = []\n                try:\n                    for frame in st_value:\n                        line = frame.get(\"lineNumber\", \"\")\n                        file = frame.get(\"fileName\", \"<anonymous>\")\n                        if line:\n                            file = f\"{file}:{line}\"\n                        meth = frame.get(\"methodName\", \"<anonymous>\")\n                        if \"className\" in frame:\n                            meth = f\"{frame['className']}.{meth}\"\n                        msg = \"    at %s (%s)\"\n                        msg = msg % (meth, file)\n                        stacktrace.append(msg)\n                except TypeError:\n                    pass\n        if exception_class == UnexpectedAlertPresentException:\n            alert_text = None\n            if \"data\" in value:\n                alert_text = value[\"data\"].get(\"text\")\n            elif \"alert\" in value:\n                alert_text = value[\"alert\"].get(\"text\")\n            raise exception_class(message, screen, stacktrace, alert_text)  # type: ignore[call-arg]  # mypy is not smart enough here\n>       raise exception_class(message, screen, stacktrace)\nE       selenium.common.exceptions.ElementClickInterceptedException: Message: Element <div class=\"Home_FinishButton__1_cWm\"> is not clickable at point (603,30) because another element <div class=\"Header_Header__214zg\"> obscures it\nE       Stacktrace:\nE       RemoteError@chrome://remote/content/shared/RemoteError.sys.mjs:8:8\nE       WebDriverError@chrome://remote/content/shared/webdriver/Errors.sys.mjs:189:5\nE       ElementClickInterceptedError@chrome://remote/content/shared/webdriver/Errors.sys.mjs:333:5\nE       webdriverClickElement@chrome://remote/content/marionette/interaction.sys.mjs:160:11\nE       interaction.clickElement@chrome://remote/content/marionette/interaction.sys.mjs:119:11\nE       clickElement@chrome://remote/content/marionette/actors/MarionetteCommandsChild.sys.mjs:202:29\nE       receiveMessage@chrome://remote/content/marionette/actors/MarionetteCommandsChild.sys.mjs:84:31\n\n..\\..\\Sprint_6_1\\Lib\\site-packages\\selenium\\webdriver\\remote\\errorhandler.py:229: ElementClickInterceptedException"}, "description": "Сравниваем текст кнопки подтверждающего сообщения с \"Посмотреть статус\"", "steps": [{"name": "Открываем страницу Яндекс.Самокат", "status": "passed", "start": 1698090521418, "stop": 1698090524668}, {"name": "Клик по нижней кнопке \"Заказать\"", "status": "broken", "statusDetails": {"message": "selenium.common.exceptions.ElementClickInterceptedException: Message: Element <div class=\"Home_FinishButton__1_cWm\"> is not clickable at point (603,30) because another element <div class=\"Header_Header__214zg\"> obscures it\nStacktrace:\nRemoteError@chrome://remote/content/shared/RemoteError.sys.mjs:8:8\nWebDriverError@chrome://remote/content/shared/webdriver/Errors.sys.mjs:189:5\nElementClickInterceptedError@chrome://remote/content/shared/webdriver/Errors.sys.mjs:333:5\nwebdriverClickElement@chrome://remote/content/marionette/interaction.sys.mjs:160:11\ninteraction.clickElement@chrome://remote/content/marionette/interaction.sys.mjs:119:11\nclickElement@chrome://remote/content/marionette/actors/MarionetteCommandsChild.sys.mjs:202:29\nreceiveMessage@chrome://remote/content/marionette/actors/MarionetteCommandsChild.sys.mjs:84:31\n\n", "trace": "  File \"C:\\Users\\User\\PycharmProject\\Sprint_6_1\\Lib\\site-packages\\allure_commons\\_allure.py\", line 192, in impl\n    return func(*a, **kw)\n           ^^^^^^^^^^^^^^\n  File \"C:\\Users\\User\\PycharmProject\\Sprint_6\\Sprint_6\\rent_scooter.py\", line 23, in rent_button_down\n    self.find_element_rent_click(RentScooterLocators.ORDER_BUTTON_DOWN)\n  File \"C:\\Users\\User\\PycharmProject\\Sprint_6_1\\Lib\\site-packages\\allure_commons\\_allure.py\", line 192, in impl\n    return func(*a, **kw)\n           ^^^^^^^^^^^^^^\n  File \"C:\\Users\\User\\PycharmProject\\Sprint_6\\Sprint_6\\base_page.py\", line 26, in find_element_rent_click\n    self.driver.find_element(*locator).click()\n  File \"C:\\Users\\User\\PycharmProject\\Sprint_6_1\\Lib\\site-packages\\selenium\\webdriver\\remote\\webelement.py\", line 93, in click\n    self._execute(Command.CLICK_ELEMENT)\n  File \"C:\\Users\\User\\PycharmProject\\Sprint_6_1\\Lib\\site-packages\\selenium\\webdriver\\remote\\webelement.py\", line 394, in _execute\n    return self._parent.execute(command, params)\n           ^^^^^^^^^^^^^^^^^^^^^^^^^^^^^^^^^^^^^\n  File \"C:\\Users\\User\\PycharmProject\\Sprint_6_1\\Lib\\site-packages\\selenium\\webdriver\\remote\\webdriver.py\", line 344, in execute\n    self.error_handler.check_response(response)\n  File \"C:\\Users\\User\\PycharmProject\\Sprint_6_1\\Lib\\site-packages\\selenium\\webdriver\\remote\\errorhandler.py\", line 229, in check_response\n    raise exception_class(message, screen, stacktrace)\n"}, "steps": [{"name": "Поиск элемента на странице с задержкой=11", "status": "passed", "parameters": [{"name": "locator", "value": "['xpath', \"//div[@class='Home_FinishButton__1_cWm']\"]"}, {"name": "time", "value": "11"}], "start": 1698090524668, "stop": 1698090524688}, {"name": "Скроллинг до элемента на странице", "status": "passed", "parameters": [{"name": "element", "value": "<selenium.webdriver.remote.webelement.WebElement (session=\"c0b9ab68-296f-4930-93a5-bfad03570f97\", element=\"f180a589-6e4e-4fb4-82bd-8399ae8240d4\")>"}], "start": 1698090524688, "stop": 1698090524697}, {"name": "Поиск элемента на странице и клик по нему", "status": "broken", "statusDetails": {"message": "selenium.common.exceptions.ElementClickInterceptedException: Message: Element <div class=\"Home_FinishButton__1_cWm\"> is not clickable at point (603,30) because another element <div class=\"Header_Header__214zg\"> obscures it\nStacktrace:\nRemoteError@chrome://remote/content/shared/RemoteError.sys.mjs:8:8\nWebDriverError@chrome://remote/content/shared/webdriver/Errors.sys.mjs:189:5\nElementClickInterceptedError@chrome://remote/content/shared/webdriver/Errors.sys.mjs:333:5\nwebdriverClickElement@chrome://remote/content/marionette/interaction.sys.mjs:160:11\ninteraction.clickElement@chrome://remote/content/marionette/interaction.sys.mjs:119:11\nclickElement@chrome://remote/content/marionette/actors/MarionetteCommandsChild.sys.mjs:202:29\nreceiveMessage@chrome://remote/content/marionette/actors/MarionetteCommandsChild.sys.mjs:84:31\n\n", "trace": "  File \"C:\\Users\\User\\PycharmProject\\Sprint_6_1\\Lib\\site-packages\\allure_commons\\_allure.py\", line 192, in impl\n    return func(*a, **kw)\n           ^^^^^^^^^^^^^^\n  File \"C:\\Users\\User\\PycharmProject\\Sprint_6\\Sprint_6\\base_page.py\", line 26, in find_element_rent_click\n    self.driver.find_element(*locator).click()\n  File \"C:\\Users\\User\\PycharmProject\\Sprint_6_1\\Lib\\site-packages\\selenium\\webdriver\\remote\\webelement.py\", line 93, in click\n    self._execute(Command.CLICK_ELEMENT)\n  File \"C:\\Users\\User\\PycharmProject\\Sprint_6_1\\Lib\\site-packages\\selenium\\webdriver\\remote\\webelement.py\", line 394, in _execute\n    return self._parent.execute(command, params)\n           ^^^^^^^^^^^^^^^^^^^^^^^^^^^^^^^^^^^^^\n  File \"C:\\Users\\User\\PycharmProject\\Sprint_6_1\\Lib\\site-packages\\selenium\\webdriver\\remote\\webdriver.py\", line 344, in execute\n    self.error_handler.check_response(response)\n  File \"C:\\Users\\User\\PycharmProject\\Sprint_6_1\\Lib\\site-packages\\selenium\\webdriver\\remote\\errorhandler.py\", line 229, in check_response\n    raise exception_class(message, screen, stacktrace)\n"}, "parameters": [{"name": "locator", "value": "['xpath', \"//div[@class='Home_FinishButton__1_cWm']\"]"}], "start": 1698090524697, "stop": 1698090524710}], "start": 1698090524668, "stop": 1698090524712}], "parameters": [{"name": "name", "value": "'Кузьма'"}, {"name": "surname", "value": "'Варфаламеев'"}, {"name": "address", "value": "'площадь Дворцовая,3'"}, {"name": "metro_station", "value": "'Университет'"}, {"name": "telephone", "value": "'+84261420023'"}, {"name": "date", "value": "'31.12.2023'"}, {"name": "text", "value": "'Ничего не напишу'"}], "start": 1698090521417, "stop": 1698090524714, "uuid": "ae04c2ae-227d-4550-8ac3-98ef69e57260", "historyId": "af6191015775e56db47b1ab5cc81ea03", "testCaseId": "403a322fc9c50b97883f104c0ed894a5", "fullName": "test_rent_scooter.TestRentScooter#test_rent_scooter_by_down_button", "labels": [{"name": "suite", "value": "test_rent_scooter"}, {"name": "subSuite", "value": "TestRentScooter"}, {"name": "host", "value": "WIN-48K729GVFIE"}, {"name": "thread", "value": "7880-MainThread"}, {"name": "framework", "value": "pytest"}, {"name": "language", "value": "cpython3"}, {"name": "package", "value": "test_rent_scooter"}]}